<?xml version="1.0" encoding="utf-8" standalone="no"?>
<!--This file represents the results of running a test suite-->
<test-results name="C:\Users\Karthik\Documents\UH\chittiprolu_valle\Assign1\MinesweeperApp\MinesweeperLib\bin\Debug\MinesweeperLib.dll" total="1" errors="0" failures="0" not-run="0" inconclusive="0" ignored="0" skipped="0" invalid="0" date="2013-02-02" time="01:18:38">
  <environment nunit-version="2.6.2.12296" clr-version="2.0.50727.5466" os-version="Microsoft Windows NT 6.1.7601 Service Pack 1" platform="Win32NT" cwd="C:\Users\Karthik\Documents\UH\chittiprolu_valle\Assign1\MinesweeperApp\MinesweeperLib\bin\Debug" machine-name="KARTHIK-PC" user="Karthik" user-domain="Karthik-PC" />
  <culture-info current-culture="en-US" current-uiculture="en-US" />
  <test-suite type="Assembly" name="C:\Users\Karthik\Documents\UH\chittiprolu_valle\Assign1\MinesweeperApp\MinesweeperLib\bin\Debug\MinesweeperLib.dll" executed="True" result="Success" success="True" time="0.006" asserts="0">
    <results>
      <test-suite type="Namespace" name="MinesweeperLib" executed="True" result="Success" success="True" time="0.004" asserts="0">
        <results>
          <test-suite type="TestFixture" name="MinesweeperTest" executed="True" result="Success" success="True" time="0.003" asserts="0">
            <results>
              <test-case name="MinesweeperLib.MinesweeperTest.testCanary" executed="True" result="Success" success="True" time="0.000" asserts="1" />
            </results>
          </test-suite>
        </results>
      </test-suite>
    </results>
  </test-suite>
</test-results>